<?xml version="1.0" encoding="UTF-8"?>
<testsuite xmlns:xsi="http://www.w3.org/2001/XMLSchema-instance" xsi:noNamespaceSchemaLocation="https://maven.apache.org/surefire/maven-surefire-plugin/xsd/surefire-test-report-3.0.xsd" version="3.0" name="TestSuite" time="1.293" tests="11" errors="0" skipped="0" failures="0">
  <properties>
    <property name="java.specification.version" value="17"/>
    <property name="sun.cpu.isalist" value="amd64"/>
    <property name="sun.jnu.encoding" value="Cp1252"/>
    <property name="java.class.path" value="C:\Users\manju\IdeaProjects\Automation_Java\target\test-classes;C:\Users\manju\IdeaProjects\Automation_Java\target\classes;C:\Users\manju\.m2\repository\junit\junit\4.13.2\junit-4.13.2.jar;C:\Users\manju\.m2\repository\org\hamcrest\hamcrest-core\1.3\hamcrest-core-1.3.jar;C:\Users\manju\.m2\repository\org\testng\testng\7.1.0\testng-7.1.0.jar;C:\Users\manju\.m2\repository\com\beust\jcommander\1.72\jcommander-1.72.jar;C:\Users\manju\.m2\repository\com\google\inject\guice\4.1.0\guice-4.1.0-no_aop.jar;C:\Users\manju\.m2\repository\javax\inject\javax.inject\1\javax.inject-1.jar;C:\Users\manju\.m2\repository\aopalliance\aopalliance\1.0\aopalliance-1.0.jar;C:\Users\manju\.m2\repository\com\google\guava\guava\19.0\guava-19.0.jar;C:\Users\manju\.m2\repository\org\yaml\snakeyaml\1.21\snakeyaml-1.21.jar;C:\Users\manju\.m2\repository\com\aventstack\extentreports\5.1.0\extentreports-5.1.0.jar;C:\Users\manju\.m2\repository\io\reactivex\rxjava3\rxjava\3.1.6\rxjava-3.1.6.jar;C:\Users\manju\.m2\repository\org\reactivestreams\reactive-streams\1.0.4\reactive-streams-1.0.4.jar;C:\Users\manju\.m2\repository\org\freemarker\freemarker\2.3.32\freemarker-2.3.32.jar;C:\Users\manju\.m2\repository\org\projectlombok\lombok\1.18.26\lombok-1.18.26.jar;C:\Users\manju\.m2\repository\com\google\code\gson\gson\2.10.1\gson-2.10.1.jar;C:\Users\manju\IdeaProjects\TestNG-java-framework\src\test\java\com\example\calculator-1.0 (1).jar;"/>
    <property name="java.vm.vendor" value="Oracle Corporation"/>
    <property name="sun.arch.data.model" value="64"/>
    <property name="user.variant" value=""/>
    <property name="java.vendor.url" value="https://java.oracle.com/"/>
    <property name="user.timezone" value="Asia/Calcutta"/>
    <property name="os.name" value="Windows 11"/>
    <property name="java.vm.specification.version" value="17"/>
    <property name="sun.java.launcher" value="SUN_STANDARD"/>
    <property name="user.country" value="IN"/>
    <property name="sun.boot.library.path" value="C:\Program Files\Java\jdk-17.0.9\bin"/>
    <property name="sun.java.command" value="C:\Users\manju\AppData\Local\Temp\surefire2685122989275644921\surefirebooter-20240407214752866_3.jar C:\Users\manju\AppData\Local\Temp\surefire2685122989275644921 2024-04-07T21-47-52_695-jvmRun1 surefire-20240407214752866_1tmp surefire_0-20240407214752866_2tmp"/>
    <property name="jdk.debug" value="release"/>
    <property name="surefire.test.class.path" value="C:\Users\manju\IdeaProjects\Automation_Java\target\test-classes;C:\Users\manju\IdeaProjects\Automation_Java\target\classes;C:\Users\manju\.m2\repository\junit\junit\4.13.2\junit-4.13.2.jar;C:\Users\manju\.m2\repository\org\hamcrest\hamcrest-core\1.3\hamcrest-core-1.3.jar;C:\Users\manju\.m2\repository\org\testng\testng\7.1.0\testng-7.1.0.jar;C:\Users\manju\.m2\repository\com\beust\jcommander\1.72\jcommander-1.72.jar;C:\Users\manju\.m2\repository\com\google\inject\guice\4.1.0\guice-4.1.0-no_aop.jar;C:\Users\manju\.m2\repository\javax\inject\javax.inject\1\javax.inject-1.jar;C:\Users\manju\.m2\repository\aopalliance\aopalliance\1.0\aopalliance-1.0.jar;C:\Users\manju\.m2\repository\com\google\guava\guava\19.0\guava-19.0.jar;C:\Users\manju\.m2\repository\org\yaml\snakeyaml\1.21\snakeyaml-1.21.jar;C:\Users\manju\.m2\repository\com\aventstack\extentreports\5.1.0\extentreports-5.1.0.jar;C:\Users\manju\.m2\repository\io\reactivex\rxjava3\rxjava\3.1.6\rxjava-3.1.6.jar;C:\Users\manju\.m2\repository\org\reactivestreams\reactive-streams\1.0.4\reactive-streams-1.0.4.jar;C:\Users\manju\.m2\repository\org\freemarker\freemarker\2.3.32\freemarker-2.3.32.jar;C:\Users\manju\.m2\repository\org\projectlombok\lombok\1.18.26\lombok-1.18.26.jar;C:\Users\manju\.m2\repository\com\google\code\gson\gson\2.10.1\gson-2.10.1.jar;C:\Users\manju\IdeaProjects\TestNG-java-framework\src\test\java\com\example\calculator-1.0 (1).jar;"/>
    <property name="sun.cpu.endian" value="little"/>
    <property name="user.home" value="C:\Users\manju"/>
    <property name="user.language" value="en"/>
    <property name="java.specification.vendor" value="Oracle Corporation"/>
    <property name="java.version.date" value="2023-10-17"/>
    <property name="java.home" value="C:\Program Files\Java\jdk-17.0.9"/>
    <property name="file.separator" value="\"/>
    <property name="basedir" value="C:\Users\manju\IdeaProjects\Automation_Java"/>
    <property name="java.vm.compressedOopsMode" value="32-bit"/>
    <property name="line.separator" value="&#10;"/>
    <property name="java.vm.specification.vendor" value="Oracle Corporation"/>
    <property name="java.specification.name" value="Java Platform API Specification"/>
    <property name="surefire.real.class.path" value="C:\Users\manju\AppData\Local\Temp\surefire2685122989275644921\surefirebooter-20240407214752866_3.jar"/>
    <property name="user.script" value=""/>
    <property name="sun.management.compiler" value="HotSpot 64-Bit Tiered Compilers"/>
    <property name="java.runtime.version" value="17.0.9+11-LTS-201"/>
    <property name="user.name" value="manju"/>
    <property name="path.separator" value=";"/>
    <property name="os.version" value="10.0"/>
    <property name="java.runtime.name" value="Java(TM) SE Runtime Environment"/>
    <property name="file.encoding" value="Cp1252"/>
    <property name="java.vm.name" value="Java HotSpot(TM) 64-Bit Server VM"/>
    <property name="localRepository" value="C:\Users\manju\.m2\repository"/>
    <property name="java.vendor.url.bug" value="https://bugreport.java.com/bugreport/"/>
    <property name="java.io.tmpdir" value="C:\Users\manju\AppData\Local\Temp\"/>
    <property name="idea.version" value="2022.3.3"/>
    <property name="java.version" value="17.0.9"/>
    <property name="user.dir" value="C:\Users\manju\IdeaProjects\Automation_Java"/>
    <property name="os.arch" value="amd64"/>
    <property name="java.vm.specification.name" value="Java Virtual Machine Specification"/>
    <property name="sun.os.patch.level" value=""/>
    <property name="native.encoding" value="Cp1252"/>
    <property name="java.library.path" value="C:\Program Files\Java\jdk-17.0.9\bin;C:\windows\Sun\Java\bin;C:\windows\system32;C:\windows;C:\windows\system32;C:\windows;C:\windows\System32\Wbem;C:\windows\System32\WindowsPowerShell\v1.0\;C:\windows\System32\OpenSSH\;C:\Program Files\MySQL\MySQL Server 8.0\bin;C:\Program Files\Java\jdk-17.0.9\bin;C:\Users\manju\AppData\Local\JetBrains\IntelliJ IDEA Community Edition 2022.3.3\plugins\maven\lib\maven3\bin;C:\Program Files\PowerShell\7\;C:\Program Files\Git\cmd;C:\Program Files\MySQL\MySQL Shell 8.0\bin\;C:\Users\manju\AppData\Local\Programs\Python\Python311\Scripts\;C:\Users\manju\AppData\Local\Programs\Python\Python311\;C:\Users\manju\AppData\Local\Microsoft\WindowsApps;;C:\Users\manju\AppData\Local\JetBrains\IntelliJ IDEA 2022.3.3\bin;;C:\Users\manju\AppData\Local\JetBrains\IntelliJ IDEA Community Edition 2022.3.3\bin;;."/>
    <property name="java.vm.info" value="mixed mode, sharing"/>
    <property name="java.vendor" value="Oracle Corporation"/>
    <property name="java.vm.version" value="17.0.9+11-LTS-201"/>
    <property name="sun.io.unicode.encoding" value="UnicodeLittle"/>
    <property name="java.class.version" value="61.0"/>
  </properties>
  <testcase name="print" classname="com.example.Test2" time="0">
    <system-out><![CDATA[Calculator instance initialized.
All testcases passed8
]]></system-out>
  </testcase>
  <testcase name="testDivByZero" classname="com.example.CalculatorTest" time="0.001"/>
  <testcase name="testDivPositive" classname="com.example.CalculatorTest" time="0.003"/>
  <testcase name="testIsNegative" classname="com.example.CalculatorTest" time="0.001"/>
  <testcase name="testIsPositiveNegative" classname="com.example.CalculatorTest" time="0"/>
  <testcase name="testIsPositivePositive" classname="com.example.CalculatorTest" time="0"/>
  <testcase name="testMultNegative" classname="com.example.CalculatorTest" time="0"/>
  <testcase name="testMultPositive" classname="com.example.CalculatorTest" time="0"/>
  <testcase name="testSubNegative" classname="com.example.CalculatorTest" time="0"/>
  <testcase name="testSubPositive" classname="com.example.CalculatorTest" time="0"/>
  <testcase name="testSumPositive" classname="com.example.CalculatorTest" time="0.353"/>
</testsuite>