<?xml version="1.0" encoding="UTF-8"?>
<!-- Generated by org.testng.reporters.JUnitReportReporter -->
<testsuite hostname="LAPTOP-JUSUEUOO" failures="0" tests="10" name="com.example.CalculatorTest" time="0.556" errors="0" timestamp="2024-03-26T12:35:33 IST" skipped="0">
  <testcase classname="com.example.CalculatorTest" name="testMultNegative" time="0.000"/>
  <system-out/>
  <testcase classname="com.example.CalculatorTest" name="testMultPositive" time="0.000"/>
  <system-out/>
  <testcase classname="com.example.CalculatorTest" name="testDivByZero" time="0.000"/>
  <system-out/>
  <testcase classname="com.example.CalculatorTest" name="testIsPositiveNegative" time="0.000"/>
  <system-out/>
  <testcase classname="com.example.CalculatorTest" name="testIsPositivePositive" time="0.000"/>
  <system-out/>
  <testcase classname="com.example.CalculatorTest" name="testSumPositive" time="0.548"/>
  <system-out/>
  <testcase classname="com.example.CalculatorTest" name="testDivPositive" time="0.008"/>
  <system-out/>
  <testcase classname="com.example.CalculatorTest" name="testIsNegative" time="0.000"/>
  <system-out/>
  <testcase classname="com.example.CalculatorTest" name="testSubNegative" time="0.000"/>
  <system-out/>
  <testcase classname="com.example.CalculatorTest" name="testSubPositive" time="0.000"/>
  <system-out/>
</testsuite> <!-- com.example.CalculatorTest -->
