<?xml version="1.0" encoding="UTF-8"?>
<!-- Generated by org.testng.reporters.JUnitReportReporter -->
<testsuite hostname="LAPTOP-JUSUEUOO" failures="0" tests="10" name="com.example.CalculatorTest" time="0.359" errors="0" timestamp="2024-04-07T21:47:54 IST" skipped="0">
  <testcase classname="com.example.CalculatorTest" name="testIsNegative" time="0.000"/>
  <system-out/>
  <testcase classname="com.example.CalculatorTest" name="testSubPositive" time="0.000"/>
  <system-out/>
  <testcase classname="com.example.CalculatorTest" name="testIsPositivePositive" time="0.001"/>
  <system-out/>
  <testcase classname="com.example.CalculatorTest" name="testSubNegative" time="0.000"/>
  <system-out/>
  <testcase classname="com.example.CalculatorTest" name="testDivByZero" time="0.000"/>
  <system-out/>
  <testcase classname="com.example.CalculatorTest" name="testDivPositive" time="0.002"/>
  <system-out/>
  <testcase classname="com.example.CalculatorTest" name="testIsPositiveNegative" time="0.001"/>
  <system-out/>
  <testcase classname="com.example.CalculatorTest" name="testSumPositive" time="0.354"/>
  <system-out/>
  <testcase classname="com.example.CalculatorTest" name="testMultNegative" time="0.001"/>
  <system-out/>
  <testcase classname="com.example.CalculatorTest" name="testMultPositive" time="0.000"/>
  <system-out/>
</testsuite> <!-- com.example.CalculatorTest -->
